<?xml version="1.0" encoding="UTF-8"?>
<!-- Generated by org.testng.reporters.JUnitXMLReporter -->
<testsuite hostname="DESKTOP-RDSDRH0" ignored="0" name="JobBoardTest" tests="9" failures="0" timestamp="2020-08-27T19:34:32 IST" time="81.711" errors="0">
  <testcase name="jobPage" time="2.801" classname="sdetProject.JobPage"/>
  <testcase name="verifyHeading_2" time="0.14" classname="sdetProject.VerifyHeader"/>
  <testcase name="verifyHeading" time="0.448" classname="sdetProject.VerifyPageHeading"/>
  <testcase name="verifyTitle" time="0.362" classname="sdetProject.VerifyPageTitle"/>
  <testcase name="printImageUrl" time="0.537" classname="sdetProject.ImageUrl"/>
  <testcase name="applyJob" time="7.787" classname="sdetProject.FindApplyJob"/>
  <testcase name="createJob" time="25.247" classname="sdetProject.CreateJobListing"/>
  <testcase name="loginAdmin" time="34.306" classname="sdetProject.WebsiteBackend"/>
  <testcase name="addJobAdmin" time="29.459" classname="sdetProject.CreateJobBackend"/>
</testsuite> <!-- JobBoardTest -->
